<html>
<head>
<title>TestNG:  Default test</title>
<link href="../testng.css" rel="stylesheet" type="text/css" />
<link href="../my-testng.css" rel="stylesheet" type="text/css" />

<style type="text/css">
.log { display: none;} 
.stack-trace { display: none;} 
</style>
<script type="text/javascript">
<!--
function flip(e) {
  current = e.style.display;
  if (current == 'block') {
    e.style.display = 'none';
    return 0;
  }
  else {
    e.style.display = 'block';
    return 1;
  }
}

function toggleBox(szDivId, elem, msg1, msg2)
{
  var res = -1;  if (document.getElementById) {
    res = flip(document.getElementById(szDivId));
  }
  else if (document.all) {
    // this is the way old msie versions work
    res = flip(document.all[szDivId]);
  }
  if(elem) {
    if(res == 0) elem.innerHTML = msg1; else elem.innerHTML = msg2;
  }

}

function toggleAllBoxes() {
  if (document.getElementsByTagName) {
    d = document.getElementsByTagName('div');
    for (i = 0; i < d.length; i++) {
      if (d[i].className == 'log') {
        flip(d[i]);
      }
    }
  }
}

// -->
</script>

</head>
<body>
<h2 align='center'>Default test</h2><table border='1' align="center">
<tr>
<td>Tests passed/Failed/Skipped:</td><td>5/1/0</td>
</tr><tr>
<td>Started on:</td><td>Tue Sep 13 23:49:55 IST 2022</td>
</tr>
<tr><td>Total time:</td><td>19 seconds (19048 ms)</td>
</tr><tr>
<td>Included groups:</td><td></td>
</tr><tr>
<td>Excluded groups:</td><td></td>
</tr>
</table><p/>
<small><i>(Hover the method name to see the test class name)</i></small><p/>
<table width='100%' border='1' class='invocation-failed'>
<tr><td colspan='4' align='center'><b>FAILED TESTS</b></td></tr>
<tr><td><b>Test method</b></td>
<td width="30%"><b>Exception</b></td>
<td width="10%"><b>Time (seconds)</b></td>
<td><b>Instance</b></td>
</tr>
<tr>
<td title='runner.MyRunner.runScenario()'><b>runScenario</b><br>Test class: runner.MyRunner<br>Test method: Runs Cucumber Scenarios<br>Parameters: "Checkout with invalid users details", "Functionality of checkout"</td>
<td><div><pre>java.lang.AssertionError: expected [false] but found [true]
	at org.testng.Assert.fail(Assert.java:99)
	at org.testng.Assert.failNotEquals(Assert.java:1037)
	at org.testng.Assert.assertFalse(Assert.java:67)
	at org.testng.Assert.assertFalse(Assert.java:77)
	at stepdefinitions.Checkout.user_clicks_on_continue_button_with_invalid_details(Checkout.java:78)
	at ✽.User clicks on continue button with invalid details(file:///C:/Users/garmitra/eclipse-workspace/SwagLab/src/test/java/features/Checkout.feature:18)
</pre></div><a href='#' onClick='toggleBox("stack-trace1545308588", this, "Click to show all stack frames", "Click to hide stack frames")'>Click to show all stack frames</a>
<div class='stack-trace' id='stack-trace1545308588'><pre>java.lang.AssertionError: expected [false] but found [true]
	at org.testng.Assert.fail(Assert.java:99)
	at org.testng.Assert.failNotEquals(Assert.java:1037)
	at org.testng.Assert.assertFalse(Assert.java:67)
	at org.testng.Assert.assertFalse(Assert.java:77)
	at stepdefinitions.Checkout.user_clicks_on_continue_button_with_invalid_details(Checkout.java:78)
	at ✽.User clicks on continue button with invalid details(file:///C:/Users/garmitra/eclipse-workspace/SwagLab/src/test/java/features/Checkout.feature:18)
</pre></div></td>
<td>2</td>
<td>runner.MyRunner@2e3967ea</td></tr>
</table><p>
<table width='100%' border='1' class='invocation-passed'>
<tr><td colspan='4' align='center'><b>PASSED TESTS</b></td></tr>
<tr><td><b>Test method</b></td>
<td width="30%"><b>Exception</b></td>
<td width="10%"><b>Time (seconds)</b></td>
<td><b>Instance</b></td>
</tr>
<tr>
<td title='runner.MyRunner.runScenario()'><b>runScenario</b><br>Test class: runner.MyRunner<br>Test method: Runs Cucumber Scenarios<br>Parameters: "Checkout with no users details", "Functionality of checkout"</td>
<td></td>
<td>2</td>
<td>runner.MyRunner@2e3967ea</td></tr>
<tr>
<td title='runner.MyRunner.runScenario()'><b>runScenario</b><br>Test class: runner.MyRunner<br>Test method: Runs Cucumber Scenarios<br>Parameters: "Verify the working of continue buttons in yourcart page", "Functionality of Your cart page"</td>
<td></td>
<td>3</td>
<td>runner.MyRunner@2e3967ea</td></tr>
<tr>
<td title='runner.MyRunner.runScenario()'><b>runScenario</b><br>Test class: runner.MyRunner<br>Test method: Runs Cucumber Scenarios<br>Parameters: "Login with valid credentials to show the product in your cart", "User login"</td>
<td></td>
<td>2</td>
<td>runner.MyRunner@2e3967ea</td></tr>
<tr>
<td title='runner.MyRunner.runScenario()'><b>runScenario</b><br>Test class: runner.MyRunner<br>Test method: Runs Cucumber Scenarios<br>Parameters: "Verify the working of checkout buttons in your cart option", "Functionality of Your cart page"</td>
<td></td>
<td>3</td>
<td>runner.MyRunner@2e3967ea</td></tr>
<tr>
<td title='runner.MyRunner.runScenario()'><b>runScenario</b><br>Test class: runner.MyRunner<br>Test method: Runs Cucumber Scenarios<br>Parameters: "Checkout with valid users details", "Functionality of checkout"</td>
<td></td>
<td>2</td>
<td>runner.MyRunner@2e3967ea</td></tr>
</table><p>
</body>
</html>